# JRE version: OpenJDK Runtime Environment (21.0.6) (build 21.0.6+-13391695-b895.109)
# Java VM: OpenJDK 64-Bit Server VM (21.0.6+-13391695-b895.109, mixed mode, tiered, compressed oops, compressed class ptrs, g1 gc, windows-amd64)
GC Precious Log:
 CardTable entry size: 512
 Card Set container configuration: InlinePtr #cards 5 size 8 Array Of Cards #cards 12 size 40 Howl #buckets 4 coarsen threshold 1843 Howl Bitmap #cards 512 size 80 coarsen threshold 460 Card regions per heap region 1 cards per card region 2048
 CPUs: 8 total, 8 available
 Memory: 16124M
 Large Page Support: Disabled
 NUMA Support: Disabled
 Compressed Oops: Enabled (32-bit)
 Heap Region Size: 1M
 Heap Min Capacity: 8M
 Heap Initial Capacity: 252M
 Heap Max Capacity: 2G
 Pre-touch: Disabled
 Parallel Workers: 8
 Concurrent Workers: 2
 Concurrent Refinement Workers: 8
 Periodic GC: Disabled
Heap:
 garbage-first heap   total 168960K, used 137072K [0x0000000080000000, 0x0000000100000000)
  region size 1024K, 47 young (48128K), 7 survivors (7168K)
 Metaspace       used 107038K, committed 109184K, reserved 1179648K
  class space    used 14535K, committed 15616K, reserved 1048576K
GC Heap History (20 events):
Event: 11.188 GC heap before
{Heap before GC invocations=21 (full 0):
 garbage-first heap   total 131072K, used 113770K [0x0000000080000000, 0x0000000100000000)
  region size 1024K, 48 young (49152K), 7 survivors (7168K)
 Metaspace       used 71975K, committed 73728K, reserved 1114112K
  class space    used 9740K, committed 10624K, reserved 1048576K
}
Event: 11.193 GC heap after
{Heap after GC invocations=22 (full 0):
 garbage-first heap   total 131072K, used 73824K [0x0000000080000000, 0x0000000100000000)
  region size 1024K, 3 young (3072K), 3 survivors (3072K)
 Metaspace       used 71975K, committed 73728K, reserved 1114112K
  class space    used 9740K, committed 10624K, reserved 1048576K
}
Event: 11.574 GC heap before
{Heap before GC invocations=22 (full 0):
 garbage-first heap   total 131072K, used 115808K [0x0000000080000000, 0x0000000100000000)
  region size 1024K, 44 young (45056K), 3 survivors (3072K)
 Metaspace       used 76771K, committed 78592K, reserved 1179648K
  class space    used 10210K, committed 11136K, reserved 1048576K
}
Event: 11.578 GC heap after
{Heap after GC invocations=23 (full 0):
 garbage-first heap   total 131072K, used 74265K [0x0000000080000000, 0x0000000100000000)
  region size 1024K, 4 young (4096K), 4 survivors (4096K)
 Metaspace       used 76771K, committed 78592K, reserved 1179648K
  class space    used 10210K, committed 11136K, reserved 1048576K
}
Event: 12.179 GC heap before
{Heap before GC invocations=24 (full 0):
 garbage-first heap   total 131072K, used 122393K [0x0000000080000000, 0x0000000100000000)
  region size 1024K, 46 young (47104K), 4 survivors (4096K)
 Metaspace       used 80525K, committed 82432K, reserved 1179648K
  class space    used 10792K, committed 11712K, reserved 1048576K
}
Event: 12.187 GC heap after
{Heap after GC invocations=25 (full 0):
 garbage-first heap   total 132096K, used 80354K [0x0000000080000000, 0x0000000100000000)
  region size 1024K, 6 young (6144K), 6 survivors (6144K)
 Metaspace       used 80525K, committed 82432K, reserved 1179648K
  class space    used 10792K, committed 11712K, reserved 1048576K
}
Event: 12.723 GC heap before
{Heap before GC invocations=25 (full 0):
 garbage-first heap   total 132096K, used 118242K [0x0000000080000000, 0x0000000100000000)
  region size 1024K, 43 young (44032K), 6 survivors (6144K)
 Metaspace       used 83524K, committed 85440K, reserved 1179648K
  class space    used 11147K, committed 12096K, reserved 1048576K
}
Event: 12.729 GC heap after
{Heap after GC invocations=26 (full 0):
 garbage-first heap   total 132096K, used 81428K [0x0000000080000000, 0x0000000100000000)
  region size 1024K, 3 young (3072K), 3 survivors (3072K)
 Metaspace       used 83524K, committed 85440K, reserved 1179648K
  class space    used 11147K, committed 12096K, reserved 1048576K
}
Event: 13.277 GC heap before
{Heap before GC invocations=26 (full 0):
 garbage-first heap   total 132096K, used 119316K [0x0000000080000000, 0x0000000100000000)
  region size 1024K, 40 young (40960K), 3 survivors (3072K)
 Metaspace       used 87689K, committed 89536K, reserved 1179648K
  class space    used 11677K, committed 12608K, reserved 1048576K
}
Event: 13.282 GC heap after
{Heap after GC invocations=27 (full 0):
 garbage-first heap   total 132096K, used 83202K [0x0000000080000000, 0x0000000100000000)
  region size 1024K, 4 young (4096K), 4 survivors (4096K)
 Metaspace       used 87689K, committed 89536K, reserved 1179648K
  class space    used 11677K, committed 12608K, reserved 1048576K
}
Event: 13.718 GC heap before
{Heap before GC invocations=28 (full 0):
 garbage-first heap   total 140288K, used 119042K [0x0000000080000000, 0x0000000100000000)
  region size 1024K, 39 young (39936K), 4 survivors (4096K)
 Metaspace       used 90394K, committed 92288K, reserved 1179648K
  class space    used 12036K, committed 12992K, reserved 1048576K
}
Event: 13.721 GC heap after
{Heap after GC invocations=29 (full 0):
 garbage-first heap   total 140288K, used 84444K [0x0000000080000000, 0x0000000100000000)
  region size 1024K, 4 young (4096K), 4 survivors (4096K)
 Metaspace       used 90394K, committed 92288K, reserved 1179648K
  class space    used 12036K, committed 12992K, reserved 1048576K
}
Event: 14.190 GC heap before
{Heap before GC invocations=29 (full 0):
 garbage-first heap   total 140288K, used 129500K [0x0000000080000000, 0x0000000100000000)
  region size 1024K, 45 young (46080K), 4 survivors (4096K)
 Metaspace       used 92045K, committed 94080K, reserved 1179648K
  class space    used 12287K, committed 13312K, reserved 1048576K
}
Event: 14.197 GC heap after
{Heap after GC invocations=30 (full 0):
 garbage-first heap   total 140288K, used 91482K [0x0000000080000000, 0x0000000100000000)
  region size 1024K, 6 young (6144K), 6 survivors (6144K)
 Metaspace       used 92045K, committed 94080K, reserved 1179648K
  class space    used 12287K, committed 13312K, reserved 1048576K
}
Event: 14.516 GC heap before
{Heap before GC invocations=30 (full 0):
 garbage-first heap   total 140288K, used 125274K [0x0000000080000000, 0x0000000100000000)
  region size 1024K, 39 young (39936K), 6 survivors (6144K)
 Metaspace       used 94569K, committed 96576K, reserved 1179648K
  class space    used 12610K, committed 13632K, reserved 1048576K
}
Event: 14.522 GC heap after
{Heap after GC invocations=31 (full 0):
 garbage-first heap   total 168960K, used 93874K [0x0000000080000000, 0x0000000100000000)
  region size 1024K, 2 young (2048K), 2 survivors (2048K)
 Metaspace       used 94569K, committed 96576K, reserved 1179648K
  class space    used 12610K, committed 13632K, reserved 1048576K
}
Event: 15.173 GC heap before
{Heap before GC invocations=32 (full 0):
 garbage-first heap   total 168960K, used 158386K [0x0000000080000000, 0x0000000100000000)
  region size 1024K, 64 young (65536K), 2 survivors (2048K)
 Metaspace       used 99508K, committed 101568K, reserved 1179648K
  class space    used 13447K, committed 14464K, reserved 1048576K
}
Event: 15.178 GC heap after
{Heap after GC invocations=33 (full 0):
 garbage-first heap   total 168960K, used 95594K [0x0000000080000000, 0x0000000100000000)
  region size 1024K, 4 young (4096K), 4 survivors (4096K)
 Metaspace       used 99508K, committed 101568K, reserved 1179648K
  class space    used 13447K, committed 14464K, reserved 1048576K
}
Event: 15.838 GC heap before
{Heap before GC invocations=33 (full 0):
 garbage-first heap   total 168960K, used 154986K [0x0000000080000000, 0x0000000100000000)
  region size 1024K, 62 young (63488K), 4 survivors (4096K)
 Metaspace       used 104065K, committed 106176K, reserved 1179648K
  class space    used 14108K, committed 15168K, reserved 1048576K
}
Event: 15.844 GC heap after
{Heap after GC invocations=34 (full 0):
 garbage-first heap   total 168960K, used 97136K [0x0000000080000000, 0x0000000100000000)
  region size 1024K, 7 young (7168K), 7 survivors (7168K)
 Metaspace       used 104065K, committed 106176K, reserved 1179648K
  class space    used 14108K, committed 15168K, reserved 1048576K
}

