# JRE version: OpenJDK Runtime Environment (21.0.6) (build 21.0.6+-13391695-b895.109)
# Java VM: OpenJDK 64-Bit Server VM (21.0.6+-13391695-b895.109, mixed mode, tiered, compressed oops, compressed class ptrs, g1 gc, windows-amd64)
GC Precious Log:
 CardTable entry size: 512
 Card Set container configuration: InlinePtr #cards 5 size 8 Array Of Cards #cards 12 size 40 Howl #buckets 4 coarsen threshold 1843 Howl Bitmap #cards 512 size 80 coarsen threshold 460 Card regions per heap region 1 cards per card region 2048
 CPUs: 8 total, 8 available
 Memory: 16124M
 Large Page Support: Disabled
 NUMA Support: Disabled
 Compressed Oops: Enabled (32-bit)
 Heap Region Size: 1M
 Heap Min Capacity: 8M
 Heap Initial Capacity: 252M
 Heap Max Capacity: 2G
 Pre-touch: Disabled
 Parallel Workers: 8
 Concurrent Workers: 2
 Concurrent Refinement Workers: 8
 Periodic GC: Disabled
Heap:
 garbage-first heap   total 172032K, used 106496K [0x0000000080000000, 0x0000000100000000)
  region size 1024K, 7 young (7168K), 7 survivors (7168K)
 Metaspace       used 114724K, committed 116928K, reserved 1179648K
  class space    used 15456K, committed 16576K, reserved 1048576K
GC Heap History (20 events):
Event: 10.521 GC heap after
{Heap after GC invocations=25 (full 0):
 garbage-first heap   total 155648K, used 78083K [0x0000000080000000, 0x0000000100000000)
  region size 1024K, 7 young (7168K), 7 survivors (7168K)
 Metaspace       used 80249K, committed 82176K, reserved 1179648K
  class space    used 10736K, committed 11712K, reserved 1048576K
}
Event: 11.118 GC heap before
{Heap before GC invocations=25 (full 0):
 garbage-first heap   total 155648K, used 124163K [0x0000000080000000, 0x0000000100000000)
  region size 1024K, 51 young (52224K), 7 survivors (7168K)
 Metaspace       used 83675K, committed 85632K, reserved 1179648K
  class space    used 11181K, committed 12160K, reserved 1048576K
}
Event: 11.123 GC heap after
{Heap after GC invocations=26 (full 0):
 garbage-first heap   total 155648K, used 81337K [0x0000000080000000, 0x0000000100000000)
  region size 1024K, 6 young (6144K), 6 survivors (6144K)
 Metaspace       used 83675K, committed 85632K, reserved 1179648K
  class space    used 11181K, committed 12160K, reserved 1048576K
}
Event: 11.811 GC heap before
{Heap before GC invocations=26 (full 0):
 garbage-first heap   total 155648K, used 128441K [0x0000000080000000, 0x0000000100000000)
  region size 1024K, 52 young (53248K), 6 survivors (6144K)
 Metaspace       used 88531K, committed 90496K, reserved 1179648K
  class space    used 11805K, committed 12800K, reserved 1048576K
}
Event: 11.815 GC heap after
{Heap after GC invocations=27 (full 0):
 garbage-first heap   total 155648K, used 83350K [0x0000000080000000, 0x0000000100000000)
  region size 1024K, 5 young (5120K), 5 survivors (5120K)
 Metaspace       used 88531K, committed 90496K, reserved 1179648K
  class space    used 11805K, committed 12800K, reserved 1048576K
}
Event: 12.319 GC heap before
{Heap before GC invocations=27 (full 0):
 garbage-first heap   total 155648K, used 134550K [0x0000000080000000, 0x0000000100000000)
  region size 1024K, 52 young (53248K), 5 survivors (5120K)
 Metaspace       used 91947K, committed 93952K, reserved 1179648K
  class space    used 12285K, committed 13312K, reserved 1048576K
}
Event: 12.324 GC heap after
{Heap after GC invocations=28 (full 0):
 garbage-first heap   total 155648K, used 89256K [0x0000000080000000, 0x0000000100000000)
  region size 1024K, 5 young (5120K), 5 survivors (5120K)
 Metaspace       used 91947K, committed 93952K, reserved 1179648K
  class space    used 12285K, committed 13312K, reserved 1048576K
}
Event: 13.004 GC heap before
{Heap before GC invocations=28 (full 0):
 garbage-first heap   total 155648K, used 136360K [0x0000000080000000, 0x0000000100000000)
  region size 1024K, 51 young (52224K), 5 survivors (5120K)
 Metaspace       used 94369K, committed 96448K, reserved 1179648K
  class space    used 12578K, committed 13632K, reserved 1048576K
}
Event: 13.010 GC heap after
{Heap after GC invocations=29 (full 0):
 garbage-first heap   total 155648K, used 93632K [0x0000000080000000, 0x0000000100000000)
  region size 1024K, 7 young (7168K), 7 survivors (7168K)
 Metaspace       used 94369K, committed 96448K, reserved 1179648K
  class space    used 12578K, committed 13632K, reserved 1048576K
}
Event: 13.220 GC heap before
{Heap before GC invocations=29 (full 0):
 garbage-first heap   total 155648K, used 113088K [0x0000000080000000, 0x0000000100000000)
  region size 1024K, 27 young (27648K), 7 survivors (7168K)
 Metaspace       used 95796K, committed 97856K, reserved 1179648K
  class space    used 12793K, committed 13824K, reserved 1048576K
}
Event: 13.226 GC heap after
{Heap after GC invocations=30 (full 0):
 garbage-first heap   total 155648K, used 95496K [0x0000000080000000, 0x0000000100000000)
  region size 1024K, 2 young (2048K), 2 survivors (2048K)
 Metaspace       used 95796K, committed 97856K, reserved 1179648K
  class space    used 12793K, committed 13824K, reserved 1048576K
}
Event: 13.949 GC heap before
{Heap before GC invocations=31 (full 0):
 garbage-first heap   total 162816K, used 140552K [0x0000000080000000, 0x0000000100000000)
  region size 1024K, 45 young (46080K), 2 survivors (2048K)
 Metaspace       used 99142K, committed 101184K, reserved 1179648K
  class space    used 13412K, committed 14464K, reserved 1048576K
}
Event: 13.953 GC heap after
{Heap after GC invocations=32 (full 0):
 garbage-first heap   total 162816K, used 96076K [0x0000000080000000, 0x0000000100000000)
  region size 1024K, 3 young (3072K), 3 survivors (3072K)
 Metaspace       used 99142K, committed 101184K, reserved 1179648K
  class space    used 13412K, committed 14464K, reserved 1048576K
}
Event: 14.601 GC heap before
{Heap before GC invocations=32 (full 0):
 garbage-first heap   total 162816K, used 147276K [0x0000000080000000, 0x0000000100000000)
  region size 1024K, 53 young (54272K), 3 survivors (3072K)
 Metaspace       used 102752K, committed 104896K, reserved 1179648K
  class space    used 13943K, committed 15040K, reserved 1048576K
}
Event: 14.605 GC heap after
{Heap after GC invocations=33 (full 0):
 garbage-first heap   total 162816K, used 97147K [0x0000000080000000, 0x0000000100000000)
  region size 1024K, 5 young (5120K), 5 survivors (5120K)
 Metaspace       used 102752K, committed 104896K, reserved 1179648K
  class space    used 13943K, committed 15040K, reserved 1048576K
}
Event: 15.307 GC heap before
{Heap before GC invocations=33 (full 0):
 garbage-first heap   total 162816K, used 147323K [0x0000000080000000, 0x0000000100000000)
  region size 1024K, 54 young (55296K), 5 survivors (5120K)
 Metaspace       used 106798K, committed 108992K, reserved 1179648K
  class space    used 14532K, committed 15616K, reserved 1048576K
}
Event: 15.314 GC heap after
{Heap after GC invocations=34 (full 0):
 garbage-first heap   total 162816K, used 99862K [0x0000000080000000, 0x0000000100000000)
  region size 1024K, 7 young (7168K), 7 survivors (7168K)
 Metaspace       used 106798K, committed 108992K, reserved 1179648K
  class space    used 14532K, committed 15616K, reserved 1048576K
}
Event: 16.123 GC heap before
{Heap before GC invocations=35 (full 0):
 garbage-first heap   total 168960K, used 144918K [0x0000000080000000, 0x0000000100000000)
  region size 1024K, 51 young (52224K), 7 survivors (7168K)
 Metaspace       used 110749K, committed 113024K, reserved 1179648K
  class space    used 15104K, committed 16256K, reserved 1048576K
}
Event: 16.133 GC heap after
{Heap after GC invocations=36 (full 0):
 garbage-first heap   total 168960K, used 102162K [0x0000000080000000, 0x0000000100000000)
  region size 1024K, 5 young (5120K), 5 survivors (5120K)
 Metaspace       used 110749K, committed 113024K, reserved 1179648K
  class space    used 15104K, committed 16256K, reserved 1048576K
}
Event: 17.076 GC heap before
{Heap before GC invocations=36 (full 0):
 garbage-first heap   total 168960K, used 158482K [0x0000000080000000, 0x0000000100000000)
  region size 1024K, 56 young (57344K), 5 survivors (5120K)
 Metaspace       used 114724K, committed 116928K, reserved 1179648K
  class space    used 15456K, committed 16576K, reserved 1048576K
}

