# JRE version: OpenJDK Runtime Environment (21.0.6) (build 21.0.6+-13391695-b895.109)
# Java VM: OpenJDK 64-Bit Server VM (21.0.6+-13391695-b895.109, mixed mode, tiered, compressed oops, compressed class ptrs, g1 gc, windows-amd64)
GC Precious Log:
 CardTable entry size: 512
 Card Set container configuration: InlinePtr #cards 5 size 8 Array Of Cards #cards 12 size 40 Howl #buckets 4 coarsen threshold 1843 Howl Bitmap #cards 512 size 80 coarsen threshold 460 Card regions per heap region 1 cards per card region 2048
 CPUs: 8 total, 8 available
 Memory: 16124M
 Large Page Support: Disabled
 NUMA Support: Disabled
 Compressed Oops: Enabled (32-bit)
 Heap Region Size: 1M
 Heap Min Capacity: 8M
 Heap Initial Capacity: 252M
 Heap Max Capacity: 2G
 Pre-touch: Disabled
 Parallel Workers: 8
 Concurrent Workers: 2
 Concurrent Refinement Workers: 8
 Periodic GC: Disabled
Heap:
 garbage-first heap   total 137216K, used 103773K [0x0000000080000000, 0x0000000100000000)
  region size 1024K, 28 young (28672K), 5 survivors (5120K)
 Metaspace       used 81120K, committed 83008K, reserved 1179648K
  class space    used 10856K, committed 11776K, reserved 1048576K
GC Heap History (20 events):
Event: 7.754 GC heap before
{Heap before GC invocations=15 (full 0):
 garbage-first heap   total 90112K, used 79077K [0x0000000080000000, 0x0000000100000000)
  region size 1024K, 44 young (45056K), 4 survivors (4096K)
 Metaspace       used 64104K, committed 65856K, reserved 1114112K
  class space    used 8782K, committed 9664K, reserved 1048576K
}
Event: 7.759 GC heap after
{Heap after GC invocations=16 (full 0):
 garbage-first heap   total 90112K, used 41087K [0x0000000080000000, 0x0000000100000000)
  region size 1024K, 6 young (6144K), 6 survivors (6144K)
 Metaspace       used 64104K, committed 65856K, reserved 1114112K
  class space    used 8782K, committed 9664K, reserved 1048576K
}
Event: 8.972 GC heap before
{Heap before GC invocations=16 (full 0):
 garbage-first heap   total 90112K, used 76927K [0x0000000080000000, 0x0000000100000000)
  region size 1024K, 42 young (43008K), 6 survivors (6144K)
 Metaspace       used 66761K, committed 68480K, reserved 1114112K
  class space    used 9126K, committed 9984K, reserved 1048576K
}
Event: 8.984 GC heap after
{Heap after GC invocations=17 (full 0):
 garbage-first heap   total 90112K, used 45056K [0x0000000080000000, 0x0000000100000000)
  region size 1024K, 6 young (6144K), 6 survivors (6144K)
 Metaspace       used 66761K, committed 68480K, reserved 1114112K
  class space    used 9126K, committed 9984K, reserved 1048576K
}
Event: 9.435 GC heap before
{Heap before GC invocations=17 (full 0):
 garbage-first heap   total 90112K, used 77824K [0x0000000080000000, 0x0000000100000000)
  region size 1024K, 39 young (39936K), 6 survivors (6144K)
 Metaspace       used 67342K, committed 69056K, reserved 1114112K
  class space    used 9180K, committed 10048K, reserved 1048576K
}
Event: 9.444 GC heap after
{Heap after GC invocations=18 (full 0):
 garbage-first heap   total 90112K, used 48730K [0x0000000080000000, 0x0000000100000000)
  region size 1024K, 4 young (4096K), 4 survivors (4096K)
 Metaspace       used 67342K, committed 69056K, reserved 1114112K
  class space    used 9180K, committed 10048K, reserved 1048576K
}
Event: 9.904 GC heap before
{Heap before GC invocations=18 (full 0):
 garbage-first heap   total 90112K, used 79450K [0x0000000080000000, 0x0000000100000000)
  region size 1024K, 35 young (35840K), 4 survivors (4096K)
 Metaspace       used 67644K, committed 69376K, reserved 1114112K
  class space    used 9181K, committed 10048K, reserved 1048576K
}
Event: 9.909 GC heap after
{Heap after GC invocations=19 (full 0):
 garbage-first heap   total 108544K, used 50052K [0x0000000080000000, 0x0000000100000000)
  region size 1024K, 4 young (4096K), 4 survivors (4096K)
 Metaspace       used 67644K, committed 69376K, reserved 1114112K
  class space    used 9181K, committed 10048K, reserved 1048576K
}
Event: 10.550 GC heap before
{Heap before GC invocations=20 (full 0):
 garbage-first heap   total 108544K, used 95108K [0x0000000080000000, 0x0000000100000000)
  region size 1024K, 49 young (50176K), 4 survivors (4096K)
 Metaspace       used 67669K, committed 69376K, reserved 1114112K
  class space    used 9181K, committed 10048K, reserved 1048576K
}
Event: 10.554 GC heap after
{Heap after GC invocations=21 (full 0):
 garbage-first heap   total 108544K, used 51344K [0x0000000080000000, 0x0000000100000000)
  region size 1024K, 5 young (5120K), 5 survivors (5120K)
 Metaspace       used 67669K, committed 69376K, reserved 1114112K
  class space    used 9181K, committed 10048K, reserved 1048576K
}
Event: 11.542 GC heap before
{Heap before GC invocations=21 (full 0):
 garbage-first heap   total 108544K, used 106640K [0x0000000080000000, 0x0000000100000000)
  region size 1024K, 47 young (48128K), 5 survivors (5120K)
 Metaspace       used 69047K, committed 70784K, reserved 1114112K
  class space    used 9370K, committed 10240K, reserved 1048576K
}
Event: 11.555 GC heap after
{Heap after GC invocations=22 (full 0):
 garbage-first heap   total 121856K, used 69842K [0x0000000080000000, 0x0000000100000000)
  region size 1024K, 7 young (7168K), 7 survivors (7168K)
 Metaspace       used 69047K, committed 70784K, reserved 1114112K
  class space    used 9370K, committed 10240K, reserved 1048576K
}
Event: 11.585 GC heap before
{Heap before GC invocations=22 (full 0):
 garbage-first heap   total 121856K, used 70866K [0x0000000080000000, 0x0000000100000000)
  region size 1024K, 9 young (9216K), 7 survivors (7168K)
 Metaspace       used 69132K, committed 70912K, reserved 1114112K
  class space    used 9376K, committed 10240K, reserved 1048576K
}
Event: 11.589 GC heap after
{Heap after GC invocations=23 (full 0):
 garbage-first heap   total 121856K, used 71456K [0x0000000080000000, 0x0000000100000000)
  region size 1024K, 1 young (1024K), 1 survivors (1024K)
 Metaspace       used 69132K, committed 70912K, reserved 1114112K
  class space    used 9376K, committed 10240K, reserved 1048576K
}
Event: 12.497 GC heap before
{Heap before GC invocations=24 (full 0):
 garbage-first heap   total 121856K, used 109344K [0x0000000080000000, 0x0000000100000000)
  region size 1024K, 38 young (38912K), 1 survivors (1024K)
 Metaspace       used 72688K, committed 74432K, reserved 1114112K
  class space    used 9801K, committed 10688K, reserved 1048576K
}
Event: 12.500 GC heap after
{Heap after GC invocations=25 (full 0):
 garbage-first heap   total 121856K, used 73319K [0x0000000080000000, 0x0000000100000000)
  region size 1024K, 2 young (2048K), 2 survivors (2048K)
 Metaspace       used 72688K, committed 74432K, reserved 1114112K
  class space    used 9801K, committed 10688K, reserved 1048576K
}
Event: 13.164 GC heap before
{Heap before GC invocations=25 (full 0):
 garbage-first heap   total 121856K, used 109159K [0x0000000080000000, 0x0000000100000000)
  region size 1024K, 38 young (38912K), 2 survivors (2048K)
 Metaspace       used 76826K, committed 78656K, reserved 1179648K
  class space    used 10228K, committed 11136K, reserved 1048576K
}
Event: 13.170 GC heap after
{Heap after GC invocations=26 (full 0):
 garbage-first heap   total 121856K, used 73742K [0x0000000080000000, 0x0000000100000000)
  region size 1024K, 3 young (3072K), 3 survivors (3072K)
 Metaspace       used 76826K, committed 78656K, reserved 1179648K
  class space    used 10228K, committed 11136K, reserved 1048576K
}
Event: 13.700 GC heap before
{Heap before GC invocations=26 (full 0):
 garbage-first heap   total 121856K, used 98318K [0x0000000080000000, 0x0000000100000000)
  region size 1024K, 29 young (29696K), 3 survivors (3072K)
 Metaspace       used 80261K, committed 82176K, reserved 1179648K
  class space    used 10726K, committed 11712K, reserved 1048576K
}
Event: 13.704 GC heap after
{Heap after GC invocations=27 (full 0):
 garbage-first heap   total 121856K, used 76125K [0x0000000080000000, 0x0000000100000000)
  region size 1024K, 5 young (5120K), 5 survivors (5120K)
 Metaspace       used 80261K, committed 82176K, reserved 1179648K
  class space    used 10726K, committed 11712K, reserved 1048576K
}

