# JRE version: OpenJDK Runtime Environment (21.0.6) (build 21.0.6+-13391695-b895.109)
# Java VM: OpenJDK 64-Bit Server VM (21.0.6+-13391695-b895.109, mixed mode, tiered, compressed oops, compressed class ptrs, g1 gc, windows-amd64)
GC Precious Log:
 CardTable entry size: 512
 Card Set container configuration: InlinePtr #cards 5 size 8 Array Of Cards #cards 12 size 40 Howl #buckets 4 coarsen threshold 1843 Howl Bitmap #cards 512 size 80 coarsen threshold 460 Card regions per heap region 1 cards per card region 2048
 CPUs: 8 total, 8 available
 Memory: 16124M
 Large Page Support: Disabled
 NUMA Support: Disabled
 Compressed Oops: Enabled (32-bit)
 Heap Region Size: 1M
 Heap Min Capacity: 8M
 Heap Initial Capacity: 252M
 Heap Max Capacity: 2G
 Pre-touch: Disabled
 Parallel Workers: 8
 Concurrent Workers: 2
 Concurrent Refinement Workers: 8
 Periodic GC: Disabled
Heap:
 garbage-first heap   total 172032K, used 134006K [0x0000000080000000, 0x0000000100000000)
  region size 1024K, 43 young (44032K), 4 survivors (4096K)
 Metaspace       used 97304K, committed 99328K, reserved 1179648K
  class space    used 13051K, committed 14080K, reserved 1048576K
GC Heap History (20 events):
Event: 7.926 GC heap before
{Heap before GC invocations=20 (full 0):
 garbage-first heap   total 101376K, used 89376K [0x0000000080000000, 0x0000000100000000)
  region size 1024K, 43 young (44032K), 4 survivors (4096K)
 Metaspace       used 67665K, committed 69376K, reserved 1114112K
  class space    used 9185K, committed 10048K, reserved 1048576K
}
Event: 7.930 GC heap after
{Heap after GC invocations=21 (full 0):
 garbage-first heap   total 101376K, used 51903K [0x0000000080000000, 0x0000000100000000)
  region size 1024K, 4 young (4096K), 4 survivors (4096K)
 Metaspace       used 67665K, committed 69376K, reserved 1114112K
  class space    used 9185K, committed 10048K, reserved 1048576K
}
Event: 8.386 GC heap before
{Heap before GC invocations=22 (full 0):
 garbage-first heap   total 101376K, used 99007K [0x0000000080000000, 0x0000000100000000)
  region size 1024K, 38 young (38912K), 4 survivors (4096K)
 Metaspace       used 68788K, committed 70528K, reserved 1114112K
  class space    used 9357K, committed 10240K, reserved 1048576K
}
Event: 8.393 GC heap after
{Heap after GC invocations=23 (full 0):
 garbage-first heap   total 111616K, used 71291K [0x0000000080000000, 0x0000000100000000)
  region size 1024K, 6 young (6144K), 6 survivors (6144K)
 Metaspace       used 68788K, committed 70528K, reserved 1114112K
  class space    used 9357K, committed 10240K, reserved 1048576K
}
Event: 8.640 GC heap before
{Heap before GC invocations=23 (full 0):
 garbage-first heap   total 111616K, used 99963K [0x0000000080000000, 0x0000000100000000)
  region size 1024K, 33 young (33792K), 6 survivors (6144K)
 Metaspace       used 71063K, committed 72896K, reserved 1114112K
  class space    used 9641K, committed 10560K, reserved 1048576K
}
Event: 8.645 GC heap after
{Heap after GC invocations=24 (full 0):
 garbage-first heap   total 134144K, used 73666K [0x0000000080000000, 0x0000000100000000)
  region size 1024K, 3 young (3072K), 3 survivors (3072K)
 Metaspace       used 71063K, committed 72896K, reserved 1114112K
  class space    used 9641K, committed 10560K, reserved 1048576K
}
Event: 9.073 GC heap before
{Heap before GC invocations=24 (full 0):
 garbage-first heap   total 134144K, used 116674K [0x0000000080000000, 0x0000000100000000)
  region size 1024K, 46 young (47104K), 3 survivors (3072K)
 Metaspace       used 76059K, committed 77888K, reserved 1179648K
  class space    used 10129K, committed 11072K, reserved 1048576K
}
Event: 9.075 GC heap after
{Heap after GC invocations=25 (full 0):
 garbage-first heap   total 134144K, used 74442K [0x0000000080000000, 0x0000000100000000)
  region size 1024K, 3 young (3072K), 3 survivors (3072K)
 Metaspace       used 76059K, committed 77888K, reserved 1179648K
  class space    used 10129K, committed 11072K, reserved 1048576K
}
Event: 9.474 GC heap before
{Heap before GC invocations=25 (full 0):
 garbage-first heap   total 134144K, used 107210K [0x0000000080000000, 0x0000000100000000)
  region size 1024K, 36 young (36864K), 3 survivors (3072K)
 Metaspace       used 80159K, committed 82048K, reserved 1179648K
  class space    used 10708K, committed 11648K, reserved 1048576K
}
Event: 9.479 GC heap after
{Heap after GC invocations=26 (full 0):
 garbage-first heap   total 134144K, used 77361K [0x0000000080000000, 0x0000000100000000)
  region size 1024K, 6 young (6144K), 6 survivors (6144K)
 Metaspace       used 80159K, committed 82048K, reserved 1179648K
  class space    used 10708K, committed 11648K, reserved 1048576K
}
Event: 9.902 GC heap before
{Heap before GC invocations=27 (full 0):
 garbage-first heap   total 137216K, used 124465K [0x0000000080000000, 0x0000000100000000)
  region size 1024K, 47 young (48128K), 6 survivors (6144K)
 Metaspace       used 82425K, committed 84352K, reserved 1179648K
  class space    used 11019K, committed 11968K, reserved 1048576K
}
Event: 9.908 GC heap after
{Heap after GC invocations=28 (full 0):
 garbage-first heap   total 137216K, used 81920K [0x0000000080000000, 0x0000000100000000)
  region size 1024K, 6 young (6144K), 6 survivors (6144K)
 Metaspace       used 82425K, committed 84352K, reserved 1179648K
  class space    used 11019K, committed 11968K, reserved 1048576K
}
Event: 10.353 GC heap before
{Heap before GC invocations=28 (full 0):
 garbage-first heap   total 137216K, used 122880K [0x0000000080000000, 0x0000000100000000)
  region size 1024K, 46 young (47104K), 6 survivors (6144K)
 Metaspace       used 85820K, committed 87808K, reserved 1179648K
  class space    used 11459K, committed 12480K, reserved 1048576K
}
Event: 10.360 GC heap after
{Heap after GC invocations=29 (full 0):
 garbage-first heap   total 137216K, used 83487K [0x0000000080000000, 0x0000000100000000)
  region size 1024K, 2 young (2048K), 2 survivors (2048K)
 Metaspace       used 85820K, committed 87808K, reserved 1179648K
  class space    used 11459K, committed 12480K, reserved 1048576K
}
Event: 10.833 GC heap before
{Heap before GC invocations=29 (full 0):
 garbage-first heap   total 137216K, used 124447K [0x0000000080000000, 0x0000000100000000)
  region size 1024K, 42 young (43008K), 2 survivors (2048K)
 Metaspace       used 90012K, committed 91904K, reserved 1179648K
  class space    used 11985K, committed 12928K, reserved 1048576K
}
Event: 10.837 GC heap after
{Heap after GC invocations=30 (full 0):
 garbage-first heap   total 137216K, used 85278K [0x0000000080000000, 0x0000000100000000)
  region size 1024K, 4 young (4096K), 4 survivors (4096K)
 Metaspace       used 90012K, committed 91904K, reserved 1179648K
  class space    used 11985K, committed 12928K, reserved 1048576K
}
Event: 11.314 GC heap before
{Heap before GC invocations=31 (full 0):
 garbage-first heap   total 143360K, used 128286K [0x0000000080000000, 0x0000000100000000)
  region size 1024K, 43 young (44032K), 4 survivors (4096K)
 Metaspace       used 92007K, committed 93952K, reserved 1179648K
  class space    used 12291K, committed 13248K, reserved 1048576K
}
Event: 11.321 GC heap after
{Heap after GC invocations=32 (full 0):
 garbage-first heap   total 143360K, used 92746K [0x0000000080000000, 0x0000000100000000)
  region size 1024K, 6 young (6144K), 6 survivors (6144K)
 Metaspace       used 92007K, committed 93952K, reserved 1179648K
  class space    used 12291K, committed 13248K, reserved 1048576K
}
Event: 11.620 GC heap before
{Heap before GC invocations=32 (full 0):
 garbage-first heap   total 143360K, used 129610K [0x0000000080000000, 0x0000000100000000)
  region size 1024K, 42 young (43008K), 6 survivors (6144K)
 Metaspace       used 94260K, committed 96256K, reserved 1179648K
  class space    used 12570K, committed 13568K, reserved 1048576K
}
Event: 11.626 GC heap after
{Heap after GC invocations=33 (full 0):
 garbage-first heap   total 172032K, used 94070K [0x0000000080000000, 0x0000000100000000)
  region size 1024K, 4 young (4096K), 4 survivors (4096K)
 Metaspace       used 94260K, committed 96256K, reserved 1179648K
  class space    used 12570K, committed 13568K, reserved 1048576K
}

