# JRE version: OpenJDK Runtime Environment (21.0.6) (build 21.0.6+-13391695-b895.109)
# Java VM: OpenJDK 64-Bit Server VM (21.0.6+-13391695-b895.109, mixed mode, tiered, compressed oops, compressed class ptrs, g1 gc, windows-amd64)
GC Precious Log:
 CardTable entry size: 512
 Card Set container configuration: InlinePtr #cards 5 size 8 Array Of Cards #cards 12 size 40 Howl #buckets 4 coarsen threshold 1843 Howl Bitmap #cards 512 size 80 coarsen threshold 460 Card regions per heap region 1 cards per card region 2048
 CPUs: 8 total, 8 available
 Memory: 16124M
 Large Page Support: Disabled
 NUMA Support: Disabled
 Compressed Oops: Enabled (32-bit)
 Heap Region Size: 1M
 Heap Min Capacity: 8M
 Heap Initial Capacity: 252M
 Heap Max Capacity: 2G
 Pre-touch: Disabled
 Parallel Workers: 8
 Concurrent Workers: 2
 Concurrent Refinement Workers: 8
 Periodic GC: Disabled
Heap:
 garbage-first heap   total 230400K, used 134459K [0x0000000080000000, 0x0000000100000000)
  region size 1024K, 24 young (24576K), 11 survivors (11264K)
 Metaspace       used 120627K, committed 122880K, reserved 1179648K
  class space    used 16235K, committed 17408K, reserved 1048576K
GC Heap History (20 events):
Event: 11.938 GC heap before
{Heap before GC invocations=30 (full 0):
 garbage-first heap   total 155648K, used 136916K [0x0000000080000000, 0x0000000100000000)
  region size 1024K, 53 young (54272K), 5 survivors (5120K)
 Metaspace       used 92706K, committed 94656K, reserved 1179648K
  class space    used 12366K, committed 13312K, reserved 1048576K
}
Event: 11.945 GC heap after
{Heap after GC invocations=31 (full 0):
 garbage-first heap   total 155648K, used 92595K [0x0000000080000000, 0x0000000100000000)
  region size 1024K, 7 young (7168K), 7 survivors (7168K)
 Metaspace       used 92706K, committed 94656K, reserved 1179648K
  class space    used 12366K, committed 13312K, reserved 1048576K
}
Event: 12.235 GC heap before
{Heap before GC invocations=31 (full 0):
 garbage-first heap   total 155648K, used 128435K [0x0000000080000000, 0x0000000100000000)
  region size 1024K, 43 young (44032K), 7 survivors (7168K)
 Metaspace       used 95566K, committed 97600K, reserved 1179648K
  class space    used 12756K, committed 13760K, reserved 1048576K
}
Event: 12.242 GC heap after
{Heap after GC invocations=32 (full 0):
 garbage-first heap   total 155648K, used 94945K [0x0000000080000000, 0x0000000100000000)
  region size 1024K, 3 young (3072K), 3 survivors (3072K)
 Metaspace       used 95566K, committed 97600K, reserved 1179648K
  class space    used 12756K, committed 13760K, reserved 1048576K
}
Event: 12.846 GC heap before
{Heap before GC invocations=33 (full 0):
 garbage-first heap   total 162816K, used 141025K [0x0000000080000000, 0x0000000100000000)
  region size 1024K, 47 young (48128K), 3 survivors (3072K)
 Metaspace       used 99141K, committed 101184K, reserved 1179648K
  class space    used 13389K, committed 14464K, reserved 1048576K
}
Event: 12.849 GC heap after
{Heap after GC invocations=34 (full 0):
 garbage-first heap   total 162816K, used 95640K [0x0000000080000000, 0x0000000100000000)
  region size 1024K, 3 young (3072K), 3 survivors (3072K)
 Metaspace       used 99141K, committed 101184K, reserved 1179648K
  class space    used 13389K, committed 14464K, reserved 1048576K
}
Event: 13.309 GC heap before
{Heap before GC invocations=34 (full 0):
 garbage-first heap   total 162816K, used 148888K [0x0000000080000000, 0x0000000100000000)
  region size 1024K, 55 young (56320K), 3 survivors (3072K)
 Metaspace       used 102936K, committed 105088K, reserved 1179648K
  class space    used 13955K, committed 15040K, reserved 1048576K
}
Event: 13.313 GC heap after
{Heap after GC invocations=35 (full 0):
 garbage-first heap   total 162816K, used 96461K [0x0000000080000000, 0x0000000100000000)
  region size 1024K, 6 young (6144K), 6 survivors (6144K)
 Metaspace       used 102936K, committed 105088K, reserved 1179648K
  class space    used 13955K, committed 15040K, reserved 1048576K
}
Event: 13.868 GC heap before
{Heap before GC invocations=35 (full 0):
 garbage-first heap   total 162816K, used 146637K [0x0000000080000000, 0x0000000100000000)
  region size 1024K, 55 young (56320K), 6 survivors (6144K)
 Metaspace       used 106979K, committed 109120K, reserved 1179648K
  class space    used 14529K, committed 15616K, reserved 1048576K
}
Event: 13.875 GC heap after
{Heap after GC invocations=36 (full 0):
 garbage-first heap   total 162816K, used 98992K [0x0000000080000000, 0x0000000100000000)
  region size 1024K, 6 young (6144K), 6 survivors (6144K)
 Metaspace       used 106979K, committed 109120K, reserved 1179648K
  class space    used 14529K, committed 15616K, reserved 1048576K
}
Event: 14.691 GC heap before
{Heap before GC invocations=37 (full 0):
 garbage-first heap   total 167936K, used 146096K [0x0000000080000000, 0x0000000100000000)
  region size 1024K, 52 young (53248K), 6 survivors (6144K)
 Metaspace       used 110954K, committed 113088K, reserved 1179648K
  class space    used 15102K, committed 16192K, reserved 1048576K
}
Event: 14.701 GC heap after
{Heap after GC invocations=38 (full 0):
 garbage-first heap   total 167936K, used 101603K [0x0000000080000000, 0x0000000100000000)
  region size 1024K, 6 young (6144K), 6 survivors (6144K)
 Metaspace       used 110954K, committed 113088K, reserved 1179648K
  class space    used 15102K, committed 16192K, reserved 1048576K
}
Event: 15.698 GC heap before
{Heap before GC invocations=38 (full 0):
 garbage-first heap   total 167936K, used 155875K [0x0000000080000000, 0x0000000100000000)
  region size 1024K, 55 young (56320K), 6 survivors (6144K)
 Metaspace       used 115001K, committed 117248K, reserved 1179648K
  class space    used 15486K, committed 16640K, reserved 1048576K
}
Event: 15.710 GC heap after
{Heap after GC invocations=39 (full 0):
 garbage-first heap   total 171008K, used 106241K [0x0000000080000000, 0x0000000100000000)
  region size 1024K, 7 young (7168K), 7 survivors (7168K)
 Metaspace       used 115001K, committed 117248K, reserved 1179648K
  class space    used 15486K, committed 16640K, reserved 1048576K
}
Event: 16.882 GC heap before
{Heap before GC invocations=39 (full 0):
 garbage-first heap   total 171008K, used 153345K [0x0000000080000000, 0x0000000100000000)
  region size 1024K, 54 young (55296K), 7 survivors (7168K)
 Metaspace       used 116760K, committed 118976K, reserved 1179648K
  class space    used 15718K, committed 16832K, reserved 1048576K
}
Event: 16.898 GC heap after
{Heap after GC invocations=40 (full 0):
 garbage-first heap   total 171008K, used 114319K [0x0000000080000000, 0x0000000100000000)
  region size 1024K, 7 young (7168K), 7 survivors (7168K)
 Metaspace       used 116760K, committed 118976K, reserved 1179648K
  class space    used 15718K, committed 16832K, reserved 1048576K
}
Event: 17.701 GC heap before
{Heap before GC invocations=41 (full 0):
 garbage-first heap   total 191488K, used 152207K [0x0000000080000000, 0x0000000100000000)
  region size 1024K, 45 young (46080K), 7 survivors (7168K)
 Metaspace       used 117293K, committed 119552K, reserved 1179648K
  class space    used 15817K, committed 16960K, reserved 1048576K
}
Event: 17.713 GC heap after
{Heap after GC invocations=42 (full 0):
 garbage-first heap   total 230400K, used 117061K [0x0000000080000000, 0x0000000100000000)
  region size 1024K, 4 young (4096K), 4 survivors (4096K)
 Metaspace       used 117293K, committed 119552K, reserved 1179648K
  class space    used 15817K, committed 16960K, reserved 1048576K
}
Event: 19.193 GC heap before
{Heap before GC invocations=42 (full 0):
 garbage-first heap   total 230400K, used 206149K [0x0000000080000000, 0x0000000100000000)
  region size 1024K, 92 young (94208K), 4 survivors (4096K)
 Metaspace       used 120352K, committed 122624K, reserved 1179648K
  class space    used 16197K, committed 17344K, reserved 1048576K
}
Event: 19.202 GC heap after
{Heap after GC invocations=43 (full 0):
 garbage-first heap   total 230400K, used 123195K [0x0000000080000000, 0x0000000100000000)
  region size 1024K, 11 young (11264K), 11 survivors (11264K)
 Metaspace       used 120352K, committed 122624K, reserved 1179648K
  class space    used 16197K, committed 17344K, reserved 1048576K
}

